module/squidb-jackson-plugin/build/outputs/logs/manifest-merger-debug-report.txt
-- Merging decision tree log ---
manifest
ADDED from module\squidb-jackson-plugin\AndroidManifest.xml:8:1-15:12
INJECTED from module\squidb-jackson-plugin\AndroidManifest.xml:8:1-15:12
INJECTED from module\squidb-jackson-plugin\AndroidManifest.xml:8:1-15:12
INJECTED from module\squidb-jackson-plugin\AndroidManifest.xml:8:1-15:12
INJECTED from module\squidb-jackson-plugin\AndroidManifest.xml:8:1-15:12
INJECTED from module\squidb-jackson-plugin\AndroidManifest.xml:8:1-15:12
INJECTED from module\squidb-jackson-plugin\AndroidManifest.xml:8:1-15:12
	package
		ADDED from module\squidb-jackson-plugin\AndroidManifest.xml:9:5-39
		INJECTED from module\squidb-jackson-plugin\AndroidManifest.xml
		INJECTED from module\squidb-jackson-plugin\AndroidManifest.xml
	android:versionName
		ADDED from module\squidb-jackson-plugin\AndroidManifest.xml:11:5-30
		INJECTED from module\squidb-jackson-plugin\AndroidManifest.xml
		INJECTED from module\squidb-jackson-plugin\AndroidManifest.xml
	xmlns:android
		ADDED from module\squidb-jackson-plugin\AndroidManifest.xml:8:11-69
	android:versionCode
		ADDED from module\squidb-jackson-plugin\AndroidManifest.xml:10:5-28
		INJECTED from module\squidb-jackson-plugin\AndroidManifest.xml
		INJECTED from module\squidb-jackson-plugin\AndroidManifest.xml
uses-sdk
ADDED from module\squidb-jackson-plugin\AndroidManifest.xml:13:5-47
INJECTED from module\squidb-jackson-plugin\AndroidManifest.xml:13:5-47
INJECTED from module\squidb-jackson-plugin\AndroidManifest.xml:13:5-47
	android:targetSdkVersion
		ADDED from module\squidb-jackson-plugin\AndroidManifest.xml:13:15-44
	android:minSdkVersion
		INJECTED from module\squidb-jackson-plugin\AndroidManifest.xml
		ADDED from module\squidb-jackson-plugin\AndroidManifest.xml:13:5-47
		INJECTED from module\squidb-jackson-plugin\AndroidManifest.xml